  Installing known registries into `/tmp/julia_depot_scholten_59770436`
       Added `General` registry to /tmp/julia_depot_scholten_59770436/registries
    Updating registry at `/tmp/julia_depot_scholten_59770436/registries/General.toml`
   Resolving package versions...
   Installed LRUCache ───────────────────────── v1.6.2
   Installed TreeViews ──────────────────────── v0.3.0
   Installed HypergeometricFunctions ────────── v0.3.28
   Installed StatsFuns ──────────────────────── v1.5.0
   Installed OffsetArrays ───────────────────── v1.17.0
   Installed MutableArithmetics ─────────────── v1.6.4
   Installed Preferences ────────────────────── v1.4.3
   Installed JuliaFormatter ─────────────────── v2.1.5
   Installed Accessors ──────────────────────── v0.1.42
   Installed FFTW ───────────────────────────── v1.9.0
   Installed PDMats ─────────────────────────── v0.11.35
   Installed InlineStrings ──────────────────── v1.4.4
   Installed Permutations ───────────────────── v0.4.23
   Installed FLINT_jll ──────────────────────── v301.300.101+0
   Installed TimerOutputs ───────────────────── v0.5.29
   Installed StaticArrays ───────────────────── v1.9.14
   Installed Multisets ──────────────────────── v0.4.5
   Installed ProgressMeter ──────────────────── v1.10.4
   Installed NearestNeighbors ───────────────── v0.4.22
   Installed ScopedValues ───────────────────── v1.4.0
   Installed HomotopyContinuation ───────────── v2.15.0
   Installed EnumX ──────────────────────────── v1.0.5
   Installed RecursiveArrayTools ────────────── v3.36.0
   Installed InvertedIndices ────────────────── v1.3.1
   Installed FunctionWrappers ───────────────── v1.1.3
   Installed DelimitedFiles ─────────────────── v1.9.1
   Installed Statistics ─────────────────────── v1.11.1
   Installed OpenBLAS32_jll ─────────────────── v0.3.29+0
   Installed DataFrames ─────────────────────── v1.7.0
   Installed IntelOpenMP_jll ────────────────── v2025.2.0+0
   Installed Polynomials ────────────────────── v4.1.0
   Installed Static ─────────────────────────── v1.2.0
   Installed Mods ───────────────────────────── v2.2.6
   Installed Distances ──────────────────────── v0.10.12
   Installed SIMDTypes ──────────────────────── v0.1.0
   Installed SLEEFPirates ───────────────────── v0.6.43
   Installed SymEngine_jll ──────────────────── v0.9.0+1
   Installed Missings ───────────────────────── v1.2.0
   Installed FiniteDiff ─────────────────────── v2.27.0
   Installed IrrationalConstants ────────────── v0.2.4
   Installed CpuId ──────────────────────────── v0.3.1
   Installed MultivariatePolynomials ────────── v0.5.9
   Installed JSON ───────────────────────────── v0.21.4
   Installed SciMLBase ──────────────────────── v2.107.0
   Installed AbstractLattices ───────────────── v0.3.1
   Installed SimpleRandom ───────────────────── v0.3.2
   Installed Clustering ─────────────────────── v0.15.8
   Installed PtrArrays ──────────────────────── v1.3.0
   Installed ADTypes ────────────────────────── v1.16.0
   Installed SimpleGraphs ───────────────────── v0.8.6
   Installed ProgressLogging ────────────────── v0.1.5
   Installed SentinelArrays ─────────────────── v1.4.8
   Installed SpecialFunctions ───────────────── v2.5.1
   Installed BenchmarkTools ─────────────────── v1.6.0
   Installed IfElse ─────────────────────────── v0.1.1
   Installed LinearSolve ────────────────────── v3.24.0
   Installed ThreadingUtilities ─────────────── v0.5.5
   Installed StaticArraysCore ───────────────── v1.4.3
   Installed NaNMath ────────────────────────── v1.1.3
   Installed WorkerUtilities ────────────────── v1.6.1
   Installed TranscodingStreams ─────────────── v0.11.3
   Installed JuliaSyntax ────────────────────── v0.4.10
   Installed CommonMark ─────────────────────── v0.9.1
   Installed ManualMemory ───────────────────── v0.1.8
   Installed WeakRefStrings ─────────────────── v1.4.2
   Installed Rmath_jll ──────────────────────── v0.5.1+0
   Installed LazyArrays ─────────────────────── v2.6.2
   Installed NLSolversBase ──────────────────── v7.10.0
   Installed SemialgebraicSets ──────────────── v0.3.3
   Installed CommonSubexpressions ───────────── v0.3.1
   Installed DataStructures ─────────────────── v0.18.22
   Installed Compat ─────────────────────────── v4.18.0
   Installed ExprTools ──────────────────────── v0.1.10
   Installed CommonWorldInvalidations ───────── v1.0.0
   Installed StatsAPI ───────────────────────── v1.7.1
   Installed StaticArrayInterface ───────────── v1.8.0
   Installed PolyChaos ──────────────────────── v0.2.11
   Installed MPC_jll ────────────────────────── v1.3.1+0
   Installed CodecZlib ──────────────────────── v0.7.8
   Installed LinearAlgebraX ─────────────────── v0.2.10
   Installed Glob ───────────────────────────── v1.3.1
   Installed ArrayLayouts ───────────────────── v1.11.2
   Installed StatsBase ──────────────────────── v0.34.5
   Installed DynamicPolynomials ─────────────── v0.6.2
   Installed BitTwiddlingConvenienceFunctions ─ v0.1.6
   Installed DiffRules ──────────────────────── v1.15.1
   Installed SciMLStructures ────────────────── v1.7.0
   Installed Arblib ─────────────────────────── v1.5.0
   Installed SimplePartitions ───────────────── v0.3.3
   Installed FunctionWrappersWrappers ───────── v0.1.3
   Installed oneTBB_jll ─────────────────────── v2022.0.0+0
   Installed LayoutPointers ─────────────────── v0.1.17
   Installed TableTraits ────────────────────── v1.0.1
   Installed DiffResults ────────────────────── v1.1.0
   Installed PrettyTables ───────────────────── v2.4.0
   Installed SciMLOperators ─────────────────── v1.4.0
   Installed PositiveFactorizations ─────────── v0.2.4
   Installed Parsers ────────────────────────── v2.8.3
   Installed HashArrayMappedTries ───────────── v0.2.0
   Installed Setfield ───────────────────────── v1.1.2
   Installed PooledArrays ───────────────────── v1.4.3
   Installed LoopVectorization ──────────────── v0.12.172
   Installed MKL_jll ────────────────────────── v2025.2.0+0
   Installed ProjectiveVectors ──────────────── v1.1.4
   Installed ExproniconLite ─────────────────── v0.10.14
   Installed OrderedCollections ─────────────── v1.8.1
   Installed AbstractFFTs ───────────────────── v1.5.0
   Installed DataValueInterfaces ────────────── v1.0.0
   Installed JLLWrappers ────────────────────── v1.7.1
   Installed ConstructionBase ───────────────── v1.6.0
   Installed Combinatorics ──────────────────── v1.0.3
   Installed ChainRulesCore ─────────────────── v1.25.2
   Installed PolyesterWeave ─────────────────── v0.2.2
   Installed Reexport ───────────────────────── v1.2.2
   Installed LogExpFunctions ────────────────── v0.3.29
   Installed ArrayInterface ─────────────────── v7.19.0
   Installed LineSearches ───────────────────── v7.4.0
   Installed CSV ────────────────────────────── v0.10.15
   Installed RingLists ──────────────────────── v0.2.9
   Installed IntervalTrees ──────────────────── v1.1.0
   Installed CloseOpenIntervals ─────────────── v0.1.13
   Installed OpenSpecFun_jll ────────────────── v0.5.6+0
   Installed FFTW_jll ───────────────────────── v3.3.11+0
   Installed Krylov ─────────────────────────── v0.10.1
   Installed UnPack ─────────────────────────── v1.0.2
   Installed CompositionsBase ───────────────── v0.1.2
   Installed AliasTables ────────────────────── v1.1.3
   Installed MacroTools ─────────────────────── v0.5.16
   Installed GPUArraysCore ──────────────────── v0.2.0
   Installed InverseFunctions ───────────────── v0.1.17
   Installed Crayons ────────────────────────── v4.1.1
   Installed Adapt ──────────────────────────── v4.3.0
   Installed CommonSolve ────────────────────── v0.2.4
   Installed DocStringExtensions ────────────── v0.9.5
   Installed VectorizationBase ──────────────── v0.21.71
   Installed DifferentiationInterface ───────── v0.7.4
   Installed XML2_jll ───────────────────────── v2.14.4+0
   Installed Rmath ──────────────────────────── v0.8.0
   Installed IntegerMathUtils ───────────────── v0.1.3
   Installed AdaptiveRejectionSampling ──────── v0.1.2
   Installed Jieko ──────────────────────────── v0.2.1
   Installed RuntimeGeneratedFunctions ──────── v0.5.15
   Installed IterTools ──────────────────────── v1.10.0
   Installed Moshi ──────────────────────────── v0.3.7
   Installed GaussQuadrature ────────────────── v0.5.8
   Installed CPUSummary ─────────────────────── v0.2.6
   Installed Tables ─────────────────────────── v1.12.1
   Installed Primes ─────────────────────────── v0.5.7
   Installed DataAPI ────────────────────────── v1.16.0
   Installed RecipesBase ────────────────────── v1.3.4
   Installed ConcreteStructs ────────────────── v0.2.3
   Installed IteratorInterfaceExtensions ────── v1.0.0
   Installed Optim ──────────────────────────── v1.13.2
   Installed PrecompileTools ────────────────── v1.2.1
   Installed ForwardDiff ────────────────────── v0.10.38
   Installed Libiconv_jll ───────────────────── v1.18.0+0
   Installed FilePathsBase ──────────────────── v0.9.24
   Installed LaTeXStrings ───────────────────── v1.4.0
   Installed HostCPUFeatures ────────────────── v0.1.17
   Installed StructArrays ───────────────────── v0.7.1
   Installed SymbolicIndexingInterface ──────── v0.3.42
   Installed FillArrays ─────────────────────── v1.13.0
   Installed Requires ───────────────────────── v1.3.1
   Installed LightXML ───────────────────────── v0.9.2
   Installed MixedSubdivisions ──────────────── v1.1.5
   Installed Parameters ─────────────────────── v0.12.3
   Installed QuadGK ─────────────────────────── v2.11.2
   Installed SortingAlgorithms ──────────────── v1.2.1
   Installed SimplePolynomials ──────────────── v0.2.18
   Installed Distributions ──────────────────── v0.25.120
   Installed ElasticArrays ──────────────────── v1.2.12
   Installed StringManipulation ─────────────── v0.4.1
      Compat entries added for StaticArrays
    Updating `/tmp/globtim_59770436/Project.toml`
  [6e4b80f9] + BenchmarkTools v1.6.0
  [336ed68f] + CSV v0.10.15
  [aaaa29a8] + Clustering v0.15.8
  [a93c6f00] + DataFrames v1.7.0
⌅ [864edb3b] + DataStructures v0.18.22
  [31c24e10] + Distributions v0.25.120
  [7c1d4256] + DynamicPolynomials v0.6.2
⌅ [f6369f11] + ForwardDiff v0.10.38
  [f213a82b] + HomotopyContinuation v2.15.0
  [c8e1da08] + IterTools v1.10.0
  [98e50ef6] + JuliaFormatter v2.1.5
  [7ed4a6bd] + LinearSolve v3.24.0
  [102ac46a] + MultivariatePolynomials v0.5.9
  [429524aa] + Optim v1.13.2
  [d96e819e] + Parameters v0.12.3
  [8d666b04] + PolyChaos v0.2.11
  [33c8b6b6] + ProgressLogging v0.1.5
  [276daf66] + SpecialFunctions v2.5.1
  [90137ffa] + StaticArrays v1.9.14
  [10745b16] + Statistics v1.11.1
  [a759f4b9] + TimerOutputs v0.5.29
  [ade2ca70] ~ Dates ⇒ v1.11.0
  [37e2e46d] ~ LinearAlgebra ⇒ v1.11.0
  [9a3f8284] ~ Random ⇒ v1.11.0
  [fa267f1f] ~ TOML ⇒ v1.0.3
    Updating `/tmp/globtim_59770436/Manifest.toml`
  [47edcb42] + ADTypes v1.16.0
  [621f4979] + AbstractFFTs v1.5.0
  [398f06c4] + AbstractLattices v0.3.1
  [7d9f7c33] + Accessors v0.1.42
  [79e6a3ab] + Adapt v4.3.0
⌅ [c75e803d] + AdaptiveRejectionSampling v0.1.2
  [66dad0bd] + AliasTables v1.1.3
  [fb37089c] + Arblib v1.5.0
  [4fba245c] + ArrayInterface v7.19.0
  [4c555306] + ArrayLayouts v1.11.2
  [6e4b80f9] + BenchmarkTools v1.6.0
  [62783981] + BitTwiddlingConvenienceFunctions v0.1.6
  [2a0fbf3d] + CPUSummary v0.2.6
  [336ed68f] + CSV v0.10.15
  [d360d2e6] + ChainRulesCore v1.25.2
  [fb6a15b2] + CloseOpenIntervals v0.1.13
  [aaaa29a8] + Clustering v0.15.8
  [944b1d66] + CodecZlib v0.7.8
  [861a8166] + Combinatorics v1.0.3
  [a80b9123] + CommonMark v0.9.1
  [38540f10] + CommonSolve v0.2.4
  [bbf7d656] + CommonSubexpressions v0.3.1
  [f70d9fcc] + CommonWorldInvalidations v1.0.0
  [34da2185] + Compat v4.18.0
  [a33af91c] + CompositionsBase v0.1.2
  [2569d6c7] + ConcreteStructs v0.2.3
  [187b0558] + ConstructionBase v1.6.0
  [adafc99b] + CpuId v0.3.1
  [a8cc5b0e] + Crayons v4.1.1
  [9a962f9c] + DataAPI v1.16.0
  [a93c6f00] + DataFrames v1.7.0
⌅ [864edb3b] + DataStructures v0.18.22
  [e2d170a0] + DataValueInterfaces v1.0.0
  [8bb1440f] + DelimitedFiles v1.9.1
  [163ba53b] + DiffResults v1.1.0
  [b552c78f] + DiffRules v1.15.1
  [a0c0ee7d] + DifferentiationInterface v0.7.4
  [b4f34e82] + Distances v0.10.12
  [31c24e10] + Distributions v0.25.120
  [ffbed154] + DocStringExtensions v0.9.5
  [7c1d4256] + DynamicPolynomials v0.6.2
  [fdbdab4c] + ElasticArrays v1.2.12
  [4e289a0a] + EnumX v1.0.5
  [e2ba6199] + ExprTools v0.1.10
  [55351af7] + ExproniconLite v0.10.14
  [7a1cc6ca] + FFTW v1.9.0
  [48062228] + FilePathsBase v0.9.24
  [1a297f60] + FillArrays v1.13.0
  [6a86dc24] + FiniteDiff v2.27.0
⌅ [f6369f11] + ForwardDiff v0.10.38
  [069b7b12] + FunctionWrappers v1.1.3
  [77dc65aa] + FunctionWrappersWrappers v0.1.3
  [46192b85] + GPUArraysCore v0.2.0
  [d54b0c1a] + GaussQuadrature v0.5.8
  [c27321d9] + Glob v1.3.1
  [076d061b] + HashArrayMappedTries v0.2.0
  [f213a82b] + HomotopyContinuation v2.15.0
  [3e5b6fbb] + HostCPUFeatures v0.1.17
  [34004b35] + HypergeometricFunctions v0.3.28
  [615f187c] + IfElse v0.1.1
  [842dd82b] + InlineStrings v1.4.4
  [18e54dd8] + IntegerMathUtils v0.1.3
  [524e6230] + IntervalTrees v1.1.0
  [3587e190] + InverseFunctions v0.1.17
  [41ab1584] + InvertedIndices v1.3.1
  [92d709cd] + IrrationalConstants v0.2.4
  [c8e1da08] + IterTools v1.10.0
  [82899510] + IteratorInterfaceExtensions v1.0.0
  [692b3bcd] + JLLWrappers v1.7.1
  [682c06a0] + JSON v0.21.4
  [ae98c720] + Jieko v0.2.1
  [98e50ef6] + JuliaFormatter v2.1.5
⌅ [70703baa] + JuliaSyntax v0.4.10
  [ba0b0d4f] + Krylov v0.10.1
  [8ac3fa9e] + LRUCache v1.6.2
  [b964fa9f] + LaTeXStrings v1.4.0
  [10f19ff3] + LayoutPointers v0.1.17
  [5078a376] + LazyArrays v2.6.2
  [9c8b4983] + LightXML v0.9.2
  [d3d80556] + LineSearches v7.4.0
  [9b3f67b0] + LinearAlgebraX v0.2.10
  [7ed4a6bd] + LinearSolve v3.24.0
  [2ab3a3ac] + LogExpFunctions v0.3.29
  [bdcacae8] + LoopVectorization v0.12.172
  [1914dd2f] + MacroTools v0.5.16
  [d125e4d3] + ManualMemory v0.1.8
  [e1d29d7a] + Missings v1.2.0
  [291d046c] + MixedSubdivisions v1.1.5
  [7475f97c] + Mods v2.2.6
  [2e0e35c7] + Moshi v0.3.7
  [3b2b4ff1] + Multisets v0.4.5
  [102ac46a] + MultivariatePolynomials v0.5.9
  [d8a4904e] + MutableArithmetics v1.6.4
  [d41bc354] + NLSolversBase v7.10.0
  [77ba4419] + NaNMath v1.1.3
  [b8a86587] + NearestNeighbors v0.4.22
  [6fe1bfb0] + OffsetArrays v1.17.0
  [429524aa] + Optim v1.13.2
  [bac558e1] + OrderedCollections v1.8.1
  [90014a1f] + PDMats v0.11.35
  [d96e819e] + Parameters v0.12.3
  [69de0a69] + Parsers v2.8.3
  [2ae35dd2] + Permutations v0.4.23
  [8d666b04] + PolyChaos v0.2.11
  [1d0040c9] + PolyesterWeave v0.2.2
  [f27b6e38] + Polynomials v4.1.0
  [2dfb63ee] + PooledArrays v1.4.3
  [85a6dd25] + PositiveFactorizations v0.2.4
⌅ [aea7be01] + PrecompileTools v1.2.1
  [21216c6a] + Preferences v1.4.3
  [08abe8d2] + PrettyTables v2.4.0
  [27ebfcd6] + Primes v0.5.7
  [33c8b6b6] + ProgressLogging v0.1.5
  [92933f4c] + ProgressMeter v1.10.4
  [01f381cc] + ProjectiveVectors v1.1.4
  [43287f4e] + PtrArrays v1.3.0
  [1fd47b50] + QuadGK v2.11.2
  [3cdcf5f2] + RecipesBase v1.3.4
  [731186ca] + RecursiveArrayTools v3.36.0
  [189a3867] + Reexport v1.2.2
  [ae029012] + Requires v1.3.1
  [286e9d63] + RingLists v0.2.9
  [79098fc4] + Rmath v0.8.0
  [7e49a35a] + RuntimeGeneratedFunctions v0.5.15
  [94e857df] + SIMDTypes v0.1.0
  [476501e8] + SLEEFPirates v0.6.43
  [0bca4576] + SciMLBase v2.107.0
  [c0aeaf25] + SciMLOperators v1.4.0
  [53ae85a6] + SciMLStructures v1.7.0
  [7e506255] + ScopedValues v1.4.0
  [8e049039] + SemialgebraicSets v0.3.3
  [91c51154] + SentinelArrays v1.4.8
  [efcf1570] + Setfield v1.1.2
  [55797a34] + SimpleGraphs v0.8.6
  [ec83eff0] + SimplePartitions v0.3.3
  [cc47b68c] + SimplePolynomials v0.2.18
  [a6525b86] + SimpleRandom v0.3.2
  [a2af1166] + SortingAlgorithms v1.2.1
  [276daf66] + SpecialFunctions v2.5.1
  [aedffcd0] + Static v1.2.0
  [0d7ed370] + StaticArrayInterface v1.8.0
  [90137ffa] + StaticArrays v1.9.14
  [1e83bf80] + StaticArraysCore v1.4.3
  [10745b16] + Statistics v1.11.1
  [82ae8749] + StatsAPI v1.7.1
  [2913bbd2] + StatsBase v0.34.5
  [4c63d2b9] + StatsFuns v1.5.0
  [892a3eda] + StringManipulation v0.4.1
  [09ab397b] + StructArrays v0.7.1
  [2efcf032] + SymbolicIndexingInterface v0.3.42
  [3783bdb8] + TableTraits v1.0.1
  [bd369af6] + Tables v1.12.1
  [8290d209] + ThreadingUtilities v0.5.5
  [a759f4b9] + TimerOutputs v0.5.29
  [3bb67fe8] + TranscodingStreams v0.11.3
  [a2a6695c] + TreeViews v0.3.0
  [3a884ed6] + UnPack v1.0.2
  [3d5dd08c] + VectorizationBase v0.21.71
  [ea10d353] + WeakRefStrings v1.4.2
  [76eceee3] + WorkerUtilities v1.6.1
  [f5851436] + FFTW_jll v3.3.11+0
  [e134572f] + FLINT_jll v301.300.101+0
  [1d5cc7b8] + IntelOpenMP_jll v2025.2.0+0
  [94ce4f54] + Libiconv_jll v1.18.0+0
  [856f044c] + MKL_jll v2025.2.0+0
  [2ce0c516] + MPC_jll v1.3.1+0
  [656ef2d0] + OpenBLAS32_jll v0.3.29+0
  [efe28fd5] + OpenSpecFun_jll v0.5.6+0
  [f50d1b31] + Rmath_jll v0.5.1+0
⌅ [3428059b] + SymEngine_jll v0.9.0+1
  [02c8fc9c] + XML2_jll v2.14.4+0
  [1317d2d5] + oneTBB_jll v2022.0.0+0
  [0dad84c5] + ArgTools v1.1.2
  [56f22d72] + Artifacts v1.11.0
  [2a0f44e3] + Base64 v1.11.0
  [ade2ca70] + Dates v1.11.0
  [8ba89e20] + Distributed v1.11.0
  [f43a241f] + Downloads v1.6.0
  [7b1f6079] + FileWatching v1.11.0
  [9fa8497b] + Future v1.11.0
  [b77e0a4c] + InteractiveUtils v1.11.0
  [4af54fe1] + LazyArtifacts v1.11.0
  [b27032c2] + LibCURL v0.6.4
  [76f85450] + LibGit2 v1.11.0
  [8f399da3] + Libdl v1.11.0
  [37e2e46d] + LinearAlgebra v1.11.0
  [56ddb016] + Logging v1.11.0
  [d6f4376e] + Markdown v1.11.0
  [a63ad114] + Mmap v1.11.0
  [ca575930] + NetworkOptions v1.2.0
  [44cfe95a] + Pkg v1.11.0
  [de0858da] + Printf v1.11.0
  [9abbd945] + Profile v1.11.0
  [9a3f8284] + Random v1.11.0
  [ea8e919c] + SHA v0.7.0
  [9e88b42a] + Serialization v1.11.0
  [6462fe0b] + Sockets v1.11.0
  [2f01184e] + SparseArrays v1.11.0
  [4607b0f0] + SuiteSparse
  [fa267f1f] + TOML v1.0.3
  [a4e569a6] + Tar v1.10.0
  [8dfed614] + Test v1.11.0
  [cf7118a7] + UUIDs v1.11.0
  [4ec0a83e] + Unicode v1.11.0
  [e66e0078] + CompilerSupportLibraries_jll v1.1.1+0
  [781609d7] + GMP_jll v6.3.0+0
  [deac9b47] + LibCURL_jll v8.6.0+0
  [e37daf67] + LibGit2_jll v1.7.2+0
  [29816b5a] + LibSSH2_jll v1.11.0+1
  [3a97d323] + MPFR_jll v4.2.1+0
  [c8ffd9c3] + MbedTLS_jll v2.28.6+0
  [14a3606d] + MozillaCACerts_jll v2023.12.12
  [4536629a] + OpenBLAS_jll v0.3.27+1
  [05823500] + OpenLibm_jll v0.8.1+2
  [bea87d4a] + SuiteSparse_jll v7.7.0+0
  [83775a58] + Zlib_jll v1.2.13+1
  [8e850b90] + libblastrampoline_jll v5.11.0+0
  [8e850ede] + nghttp2_jll v1.59.0+0
  [3f19e933] + p7zip_jll v17.4.0+2
        Info Packages marked with ⌅ have new versions available but compatibility constraints restrict them from upgrading. To see why use `status --outdated -m`
Precompiling project...
    880.5 ms  ✓ IteratorInterfaceExtensions
   1016.0 ms  ✓ ExprTools
   1043.3 ms  ✓ ConcreteStructs
   1024.6 ms  ✓ AbstractLattices
   1043.4 ms  ✓ Glob
   1042.2 ms  ✓ StatsAPI
   1069.9 ms  ✓ LaTeXStrings
   1191.2 ms  ✓ PositiveFactorizations
   1198.9 ms  ✓ Future
   1306.3 ms  ✓ WorkerUtilities
   1481.5 ms  ✓ AbstractFFTs
    659.4 ms  ✓ UnPack
   1677.9 ms  ✓ ADTypes
   1735.7 ms  ✓ FunctionWrappers
    812.3 ms  ✓ IntegerMathUtils
    659.1 ms  ✓ CommonSolve
   1914.0 ms  ✓ Combinatorics
    890.8 ms  ✓ OpenLibm_jll
   1071.8 ms  ✓ Serialization
   1091.9 ms  ✓ InverseFunctions
   1150.2 ms  ✓ Statistics
   1008.7 ms  ✓ CompilerSupportLibraries_jll
   2322.7 ms  ✓ OffsetArrays
    773.9 ms  ✓ ManualMemory
   1031.7 ms  ✓ IterTools
    684.4 ms  ✓ Unicode
   1092.9 ms  ✓ SuiteSparse_jll
    758.5 ms  ✓ DataValueInterfaces
    680.6 ms  ✓ EnumX
   1803.9 ms  ✓ FillArrays
    940.6 ms  ✓ Requires
   1000.9 ms  ✓ OrderedCollections
    694.2 ms  ✓ Reexport
    614.2 ms  ✓ SIMDTypes
    733.3 ms  ✓ Zlib_jll
    615.5 ms  ✓ PtrArrays
    696.8 ms  ✓ CompositionsBase
   1025.6 ms  ✓ InlineStrings
   3531.2 ms  ✓ ExproniconLite
    926.8 ms  ✓ GMP_jll
   1076.4 ms  ✓ DocStringExtensions
    913.5 ms  ✓ Mmap
    829.8 ms  ✓ Multisets
    859.1 ms  ✓ HashArrayMappedTries
    906.4 ms  ✓ TranscodingStreams
    738.3 ms  ✓ RingLists
   1094.3 ms  ✓ IntervalTrees
    696.0 ms  ✓ InvertedIndices
    665.6 ms  ✓ DataAPI
    748.9 ms  ✓ IfElse
    832.4 ms  ✓ LRUCache
    816.5 ms  ✓ ConstructionBase
    820.7 ms  ✓ Mods
    945.3 ms  ✓ CommonWorldInvalidations
    843.8 ms  ✓ ProgressLogging
   2154.8 ms  ✓ IrrationalConstants
   1072.5 ms  ✓ StaticArraysCore
    768.9 ms  ✓ TableTraits
    740.8 ms  ✓ FunctionWrappersWrappers
   1197.8 ms  ✓ CpuId
   1189.3 ms  ✓ Primes
   1206.4 ms  ✓ Permutations
   1183.5 ms  ✓ NaNMath
    955.3 ms  ✓ RuntimeGeneratedFunctions
   3505.6 ms  ✓ DifferentiationInterface
   6111.2 ms  ✓ MacroTools
   4061.3 ms  ✓ Crayons
   5726.8 ms  ✓ Profile
   3187.2 ms  ✓ Distances
   2512.2 ms  ✓ Compat
   2977.7 ms  ✓ InverseFunctions → InverseFunctionsDatesExt
   4371.5 ms  ✓ InteractiveUtils
   2654.1 ms  ✓ FillArrays → FillArraysStatisticsExt
   3661.0 ms  ✓ ThreadingUtilities
   4183.3 ms  ✓ Distributed
   3243.7 ms  ✓ Preferences
    896.2 ms  ✓ CompositionsBase → CompositionsBaseInverseFunctionsExt
   1051.3 ms  ✓ Adapt
   1086.9 ms  ✓ Parameters
    658.0 ms  ✓ ScopedValues
   1175.6 ms  ✓ AliasTables
    990.9 ms  ✓ DelimitedFiles
   1109.6 ms  ✓ MPFR_jll
   4282.6 ms  ✓ SentinelArrays
    862.2 ms  ✓ CodecZlib
    674.8 ms  ✓ ADTypes → ADTypesConstructionBaseExt
    792.0 ms  ✓ LRUCache → SerializationExt
    941.8 ms  ✓ PooledArrays
    939.7 ms  ✓ Missings
    943.6 ms  ✓ ConstructionBase → ConstructionBaseLinearAlgebraExt
    741.6 ms  ✓ DiffResults
    844.3 ms  ✓ CommonSubexpressions
   2392.4 ms  ✓ LazyArtifacts
   1022.0 ms  ✓ Compat → CompatLinearAlgebraExt
   1270.1 ms  ✓ Tables
   1578.2 ms  ✓ LogExpFunctions
    912.6 ms  ✓ GPUArraysCore
   1039.8 ms  ✓ ArrayInterface
    958.8 ms  ✓ ElasticArrays
   1232.9 ms  ✓ JLLWrappers
   1303.5 ms  ✓ PrecompileTools
   6066.5 ms  ✓ TimerOutputs
   1137.0 ms  ✓ OffsetArrays → OffsetArraysAdaptExt
   1702.9 ms  ✓ ProgressMeter
    737.6 ms  ✓ DifferentiationInterface → DifferentiationInterfaceGPUArraysCoreExt
   3718.6 ms  ✓ Jieko
   1074.2 ms  ✓ ArrayInterface → ArrayInterfaceGPUArraysCoreExt
    965.4 ms  ✓ ArrayInterface → ArrayInterfaceStaticArraysCoreExt
    953.6 ms  ✓ SciMLStructures
    803.6 ms  ✓ LogExpFunctions → LogExpFunctionsInverseFunctionsExt
   1300.4 ms  ✓ StructArrays
   2279.2 ms  ✓ Setfield
   1457.4 ms  ✓ Rmath_jll
   2342.1 ms  ✓ FilePathsBase
   7277.4 ms  ✓ SparseArrays
   1107.5 ms  ✓ oneTBB_jll
   1094.0 ms  ✓ Libiconv_jll
   2500.1 ms  ✓ ChainRulesCore
   1142.8 ms  ✓ OpenBLAS32_jll
   1207.3 ms  ✓ FFTW_jll
   1228.8 ms  ✓ OpenSpecFun_jll
   1219.2 ms  ✓ MPC_jll
   3126.2 ms  ✓ DataStructures
   2298.8 ms  ✓ IntelOpenMP_jll
    954.9 ms  ✓ StructArrays → StructArraysAdaptExt
   3817.9 ms  ✓ Accessors
   1317.7 ms  ✓ StructArrays → StructArraysLinearAlgebraExt
   1571.7 ms  ✓ Static
   1422.0 ms  ✓ FiniteDiff
   1614.7 ms  ✓ Rmath
   1394.6 ms  ✓ FilePathsBase → FilePathsBaseMmapExt
   1461.1 ms  ✓ SuiteSparse
   1505.6 ms  ✓ Statistics → SparseArraysExt
   2823.8 ms  ✓ RecipesBase
   1365.8 ms  ✓ FillArrays → FillArraysSparseArraysExt
   8286.9 ms  ✓ Test
   3347.0 ms  ✓ DifferentiationInterface → DifferentiationInterfaceSparseArraysExt
   5150.4 ms  ✓ StringManipulation
   2736.0 ms  ✓ ArrayInterface → ArrayInterfaceSparseArraysExt
   3318.6 ms  ✓ Distances → DistancesSparseArraysExt
   3104.6 ms  ✓ Adapt → AdaptSparseArraysExt
   2603.9 ms  ✓ AbstractFFTs → AbstractFFTsChainRulesCoreExt
   3293.2 ms  ✓ StructArrays → StructArraysSparseArraysExt
   3184.4 ms  ✓ ChainRulesCore → ChainRulesCoreSparseArraysExt
    865.9 ms  ✓ ArrayInterface → ArrayInterfaceChainRulesCoreExt
   1309.1 ms  ✓ ADTypes → ADTypesChainRulesCoreExt
   3472.5 ms  ✓ XML2_jll
   1241.1 ms  ✓ DifferentiationInterface → DifferentiationInterfaceChainRulesCoreExt
   1226.1 ms  ✓ Distances → DistancesChainRulesCoreExt
   1709.0 ms  ✓ FLINT_jll
   1132.2 ms  ✓ SortingAlgorithms
   1312.8 ms  ✓ SymEngine_jll
   1047.1 ms  ✓ SimplePartitions
   1075.1 ms  ✓ Accessors → StructArraysExt
   1205.4 ms  ✓ Accessors → LinearAlgebraExt
   2617.4 ms  ✓ LogExpFunctions → LogExpFunctionsChainRulesCoreExt
    908.8 ms  ✓ BitTwiddlingConvenienceFunctions
   1853.1 ms  ✓ QuadGK
    873.4 ms  ✓ DifferentiationInterface → DifferentiationInterfaceFiniteDiffExt
    605.9 ms  ✓ TreeViews
   1212.1 ms  ✓ FiniteDiff → FiniteDiffSparseArraysExt
   1619.3 ms  ✓ PDMats
   2152.0 ms  ✓ CPUSummary
   1175.3 ms  ✓ InverseFunctions → InverseFunctionsTestExt
   2736.7 ms  ✓ StaticArrayInterface
   2726.2 ms  ✓ AbstractFFTs → AbstractFFTsTestExt
   1585.4 ms  ✓ Accessors → TestExt
   5387.9 ms  ✓ SpecialFunctions
   1590.6 ms  ✓ LightXML
   2745.0 ms  ✓ FilePathsBase → FilePathsBaseTestExt
   1440.9 ms  ✓ StaticArrayInterface → StaticArrayInterfaceOffsetArraysExt
   1627.3 ms  ✓ PolyesterWeave
   2066.3 ms  ✓ HostCPUFeatures
   1856.8 ms  ✓ FillArrays → FillArraysPDMatsExt
  24677.1 ms  ✓ JuliaSyntax
  15600.1 ms  ✓ StaticArrays
   2744.6 ms  ✓ CloseOpenIntervals
   2726.1 ms  ✓ LayoutPointers
   4759.1 ms  ✓ SciMLOperators
   2536.4 ms  ✓ GaussQuadrature
   2310.2 ms  ✓ HypergeometricFunctions
   5771.9 ms  ✓ StatsBase
   2892.0 ms  ✓ SpecialFunctions → SpecialFunctionsChainRulesCoreExt
  14432.6 ms  ✓ Krylov
   1086.0 ms  ✓ SciMLOperators → SciMLOperatorsStaticArraysCoreExt
   1315.2 ms  ✓ DiffRules
   1279.9 ms  ✓ ConstructionBase → ConstructionBaseStaticArraysExt
   1545.7 ms  ✓ StaticArrays → StaticArraysChainRulesCoreExt
   1225.9 ms  ✓ Adapt → AdaptStaticArraysExt
   1408.3 ms  ✓ DifferentiationInterface → DifferentiationInterfaceStaticArraysExt
   1870.5 ms  ✓ ProjectiveVectors
   2080.6 ms  ✓ StructArrays → StructArraysStaticArraysExt
   1879.3 ms  ✓ StaticArrayInterface → StaticArrayInterfaceStaticArraysExt
   2202.1 ms  ✓ Accessors → StaticArraysExt
   1930.0 ms  ✓ FiniteDiff → FiniteDiffStaticArraysExt
   1743.3 ms  ✓ StaticArrays → StaticArraysStatisticsExt
  18806.6 ms  ✓ Moshi
   2475.1 ms  ✓ SciMLOperators → SciMLOperatorsSparseArraysExt
  19951.3 ms  ✓ CommonMark
  20362.8 ms  ✓ Parsers
  15074.0 ms  ✓ MKL_jll
   1248.7 ms  ✓ InlineStrings → ParsersExt
  13370.4 ms  ✓ MutableArithmetics
   3263.9 ms  ✓ StatsFuns
   1042.7 ms  ✓ StatsFuns → StatsFunsInverseFunctionsExt
   2434.5 ms  ✓ JSON
   1269.8 ms  ✓ WeakRefStrings
   4123.0 ms  ✓ NearestNeighbors
   2599.3 ms  ✓ StatsFuns → StatsFunsChainRulesCoreExt
   2107.2 ms  ✓ BenchmarkTools
   6267.0 ms  ✓ ForwardDiff
   2516.8 ms  ✓ Clustering
   4251.0 ms  ✓ MultivariatePolynomials
   1091.4 ms  ✓ DifferentiationInterface → DifferentiationInterfaceForwardDiffExt
   1198.2 ms  ✓ ForwardDiff → ForwardDiffStaticArraysExt
   1646.5 ms  ✓ AdaptiveRejectionSampling
   1512.0 ms  ✓ NLSolversBase
   1783.8 ms  ✓ SemialgebraicSets
   2565.2 ms  ✓ DynamicPolynomials
   2593.2 ms  ✓ MixedSubdivisions
  13454.9 ms  ✓ VectorizationBase
   7494.5 ms  ✓ Distributions
   1757.5 ms  ✓ SLEEFPirates
   3569.9 ms  ✓ LineSearches
   2183.7 ms  ✓ Distributions → DistributionsChainRulesCoreExt
   2250.9 ms  ✓ Distributions → DistributionsTestExt
  10457.6 ms  ✓ FFTW
   2409.1 ms  ✓ SimpleRandom
   2412.8 ms  ✓ PolyChaos
   4158.4 ms  ✓ Optim
  20542.8 ms  ✓ ArrayLayouts
  22454.8 ms  ✓ Arblib
  28755.4 ms  ✓ PrettyTables
   1779.8 ms  ✓ ArrayLayouts → ArrayLayoutsSparseArraysExt
   2308.1 ms  ✓ SymbolicIndexingInterface
  32928.2 ms  ✓ Polynomials
   1852.1 ms  ✓ Polynomials → PolynomialsChainRulesCoreExt
   1874.6 ms  ✓ Polynomials → PolynomialsFFTWExt
   2072.4 ms  ✓ Polynomials → PolynomialsMutableArithmeticsExt
   2139.4 ms  ✓ SimplePolynomials
   4033.4 ms  ✓ LazyArrays
  20648.4 ms  ✓ CSV
   3644.9 ms  ✓ RecursiveArrayTools
   1634.9 ms  ✓ LinearAlgebraX
   1443.8 ms  ✓ RecursiveArrayTools → RecursiveArrayToolsForwardDiffExt
   1825.0 ms  ✓ LazyArrays → LazyArraysStaticArraysExt
   1725.7 ms  ✓ RecursiveArrayTools → RecursiveArrayToolsStructArraysExt
   2165.1 ms  ✓ RecursiveArrayTools → RecursiveArrayToolsSparseArraysExt
   3422.0 ms  ✓ SimpleGraphs
  34694.5 ms  ✓ JuliaFormatter
  11970.7 ms  ✓ SciMLBase
   1952.3 ms  ✓ SciMLBase → SciMLBaseChainRulesCoreExt
  31922.0 ms  ✓ LoopVectorization
   1611.8 ms  ✓ LoopVectorization → SpecialFunctionsExt
   2222.7 ms  ✓ LoopVectorization → ForwardDiffExt
  14872.0 ms  ✓ HomotopyContinuation
  51481.1 ms  ✓ DataFrames
  45820.8 ms  ✓ LinearSolve
   6102.0 ms  ✓ LinearSolve → LinearSolveForwardDiffExt
   9289.3 ms  ✓ LinearSolve → LinearSolveSparseArraysExt
  14235.8 ms  ✓ Globtim
  261 dependencies successfully precompiled in 141 seconds. 21 already precompiled.
  2 dependencies had output during precompilation:
┌ LinearSolve
│  Downloading artifact: MKL
└  
┌ MKL_jll
│  Downloading artifact: IntelOpenMP
└  
   Resolving package versions...
      Compat entries added for DataFrames
  No Changes to `/tmp/globtim_59770436/Project.toml`
  No Changes to `/tmp/globtim_59770436/Manifest.toml`
   Resolving package versions...
      Compat entries added for CSV
  No Changes to `/tmp/globtim_59770436/Project.toml`
  No Changes to `/tmp/globtim_59770436/Manifest.toml`
   Resolving package versions...
      Compat entries added for Parameters
  No Changes to `/tmp/globtim_59770436/Project.toml`
  No Changes to `/tmp/globtim_59770436/Manifest.toml`
   Resolving package versions...
      Compat entries added for ForwardDiff
  No Changes to `/tmp/globtim_59770436/Project.toml`
  No Changes to `/tmp/globtim_59770436/Manifest.toml`
   Resolving package versions...
      Compat entries added for Distributions
  No Changes to `/tmp/globtim_59770436/Project.toml`
  No Changes to `/tmp/globtim_59770436/Manifest.toml`
   Resolving package versions...
      Compat entries added for TimerOutputs
  No Changes to `/tmp/globtim_59770436/Project.toml`
  No Changes to `/tmp/globtim_59770436/Manifest.toml`
   Resolving package versions...
      Compat entries added for DynamicPolynomials
  No Changes to `/tmp/globtim_59770436/Project.toml`
  No Changes to `/tmp/globtim_59770436/Manifest.toml`
   Resolving package versions...
      Compat entries added for MultivariatePolynomials
  No Changes to `/tmp/globtim_59770436/Project.toml`
  No Changes to `/tmp/globtim_59770436/Manifest.toml`
   Resolving package versions...
      Compat entries added for LinearSolve
  No Changes to `/tmp/globtim_59770436/Project.toml`
  No Changes to `/tmp/globtim_59770436/Manifest.toml`
   Resolving package versions...
      Compat entries added for Optim
  No Changes to `/tmp/globtim_59770436/Project.toml`
  No Changes to `/tmp/globtim_59770436/Manifest.toml`
   Resolving package versions...
      Compat entries added for Clustering
  No Changes to `/tmp/globtim_59770436/Project.toml`
  No Changes to `/tmp/globtim_59770436/Manifest.toml`
ERROR: LoadError: UndefVarError: `@sprintf` not defined in `Main`
in expression starting at none:41
