/var/spool/slurmd/job59780288/slurm_script: line 97: i: command not found
/var/spool/slurmd/job59780288/slurm_script: line 97: point: command not found
/var/spool/slurmd/job59780288/slurm_script: line 97: value: command not found
ERROR: LoadError: ArgumentError: Package StaticArrays [90137ffa-7385-5640-81b9-e52037218182] is required but does not seem to be installed:
 - Run `Pkg.instantiate()` to install all recorded dependencies.

Stacktrace:
  [1] _require(pkg::Base.PkgId, env::String)
    @ Base ./loading.jl:2515
  [2] __require_prelocked(uuidkey::Base.PkgId, env::String)
    @ Base ./loading.jl:2388
  [3] #invoke_in_world#3
    @ ./essentials.jl:1089 [inlined]
  [4] invoke_in_world
    @ ./essentials.jl:1086 [inlined]
  [5] _require_prelocked(uuidkey::Base.PkgId, env::String)
    @ Base ./loading.jl:2375
  [6] macro expansion
    @ ./loading.jl:2314 [inlined]
  [7] macro expansion
    @ ./lock.jl:273 [inlined]
  [8] __require(into::Module, mod::Symbol)
    @ Base ./loading.jl:2271
  [9] #invoke_in_world#3
    @ ./essentials.jl:1089 [inlined]
 [10] invoke_in_world
    @ ./essentials.jl:1086 [inlined]
 [11] require(into::Module, mod::Symbol)
    @ Base ./loading.jl:2260
in expression starting at /home/scholten/globtim_hpc/results/deuflhard_results_40b391ea/run_deuflhard_benchmark.jl:2
