[2025-08-11 10:46:34] Starting full monitoring cycle
[2025-08-11 10:46:34] === System Metrics Collection ===
[2025-08-11 10:46:34] CPU_USAGE: 
[2025-08-11 10:46:34] MEMORY_USAGE: 
[2025-08-11 10:46:34] HOME_USAGE: 52%
[2025-08-11 10:46:37] NFS_DEPOT_SIZE: 1.4G
[2025-08-11 10:46:37] RUNNING_JOBS: 0
[2025-08-11 10:46:38] === Julia Performance Test ===
[2025-08-11 10:46:47] === Depot Health Check ===
[2025-08-11 10:46:47] NFS_DEPOT_STATUS: ACCESSIBLE
[2025-08-11 10:46:48] PACKAGE_COUNT: 748
[2025-08-11 10:46:48] SYMLINK_STATUS: EXISTS
[2025-08-11 10:46:48] QUOTA_USAGE: quotas
[2025-08-11 10:46:48] Monitoring cycle complete
[2025-08-11 11:44:21] Starting full monitoring cycle
[2025-08-11 11:44:21] === System Metrics Collection ===
[2025-08-11 11:44:21] CPU_USAGE: 
[2025-08-11 11:44:21] MEMORY_USAGE: 
[2025-08-11 11:44:21] HOME_USAGE: 52%
[2025-08-11 11:44:24] NFS_DEPOT_SIZE: 1.4G
[2025-08-11 11:44:25] RUNNING_JOBS: 0
[2025-08-11 11:44:25] === Julia Performance Test ===
[2025-08-11 11:47:05] === Depot Health Check ===
[2025-08-11 11:47:05] NFS_DEPOT_STATUS: ACCESSIBLE
[2025-08-11 11:47:06] PACKAGE_COUNT: 748
[2025-08-11 11:47:07] SYMLINK_STATUS: EXISTS
[2025-08-11 11:47:07] QUOTA_USAGE: quotas
[2025-08-11 11:47:07] Monitoring cycle complete
