=== HPC Dependencies Installation ===
Test ID: 99ecbfe7
Mode: minimal
Job ID: 59774401
Node: c01n01
Start time: Thu Aug  7 11:47:22 CEST 2025

=== Environment Check ===
Working directory: /home/scholten/globtim_hpc
Julia version: julia version 1.11.2
Available space: 91G

✅ Output directory created: dependency_install_99ecbfe7
✅ Using Project_HPC_Minimal.toml

=== Installing Missing Packages ===
🚀 Installing Missing Dependencies
Julia Version: 1.11.2

Installing StaticArrays...
  ❌ StaticArrays failed: Pkg.Types.PkgError("Error when installing package DelimitedFiles:\nIOError: close: Unknown system error -122 (Unknown system error -122)\nStacktrace:\n  [1] uv_error\n    @ ./libuv.jl:106 [inlined]\n  [2] close\n    @ ./filesystem.jl:210 [inlined]\n  [3] sendfile(src::String, dst::String)\n    @ Base.Filesystem ./file.jl:1137\n  [4] cptree(src::String, dst::String; force::Bool, follow_symlinks::Bool)\n    @ Base.Filesystem ./file.jl:353\n  [5] cptree(src::String, dst::String; force::Bool, follow_symlinks::Bool)\n    @ Base.Filesystem ./file.jl:350\n  [6] cptree\n    @ ./file.jl:340 [inlined]\n  [7] cp(src::String, dst::String; force::Bool, follow_symlinks::Bool)\n    @ Base.Filesystem ./file.jl:384\n  [8] cp\n    @ ./file.jl:378 [inlined]\n  [9] rename(src::String, dst::String; force::Bool)\n    @ Base.Filesystem ./file.jl:1114\n [10] rename\n    @ ./file.jl:1110 [inlined]\n [11] #mv#15\n    @ ./file.jl:428 [inlined]\n [12] mv\n    @ ./file.jl:426 [inlined]\n [13] install_archive(urls::Vector{Pair{String, Bool}}, hash::Base.SHA1, version_path::String; io::IOContext{IO})\n    @ Pkg.Operations /lustre/sw/apps/julia/1.11.2/share/julia/stdlib/v1.11/Pkg/src/Operations.jl:676\n [14] (::Pkg.Operations.var\"#47#52\"{Bool, Pkg.Types.Context, Tuple{SubString{String}, Dict{Base.UUID, Base.SHA1}}, Channel{Any}, Channel{@NamedTuple{pkg::Pkg.Types.PackageEntry, urls::Set{String}, path::String}}})()\n    @ Pkg.Operations /lustre/sw/apps/julia/1.11.2/share/julia/stdlib/v1.11/Pkg/src/Operations.jl:879")

Installing JSON3...
  ❌ JSON3 failed: Base.IOError("close: Unknown system error -122 (Unknown system error -122)", -122)

Installing TimerOutputs...
  ❌ TimerOutputs failed: Base.IOError("close: Unknown system error -122 (Unknown system error -122)", -122)

Installing TOML...
  ❌ TOML failed: Base.IOError("close: Unknown system error -122 (Unknown system error -122)", -122)

Installing Printf...
  ❌ Printf failed: Base.IOError("close: Unknown system error -122 (Unknown system error -122)", -122)

📊 INSTALLATION SUMMARY:
Successful: 0
Failed: 5
  ❌ StaticArrays
  ❌ JSON3
  ❌ TimerOutputs
  ❌ TOML
  ❌ Printf

=== Installation Complete ===
End time: Thu Aug  7 11:47:54 CEST 2025
Duration: 32 seconds
Julia exit code: 1
❌ Dependencies installation failed
