=== Deuflhard Benchmark with Fileserver Integration ===
Test ID: 708eb8d4
Mode: quick - Quick Deuflhard validation (30 min)
Job ID: 59780287
Node: c01n02
CPUs: 4
Memory: 8192 MB
Start time: Sat Aug  9 14:03:10 CEST 2025

⚠️  NFS not available, using /tmp depot
=== Environment Verification ===
Working directory: /home/scholten/globtim_hpc
Julia depot path: /tmp/julia_depot_globtim_persistent:
Julia threads: 4
Julia version: julia version 1.11.2

✅ Output directory created: results/deuflhard_results_708eb8d4
✅ Test configuration created

=== Package and Module Verification (skipped explicit check) ===
Will validate during benchmark execution...

=== Running Deuflhard Benchmark Test ===

=== Job Summary ===
End time: Sat Aug  9 14:03:24 CEST 2025
Duration: 14 seconds
Julia exit code: 1
❌ Deuflhard benchmark failed with exit code 1
